<?xml version="1.0" encoding="UTF-8"?>
<testng-results skipped="0" failed="3" ignored="3" total="13" passed="7">
  <reporter-output>
  </reporter-output>
  <suite name="Magento2Demo" duration-ms="238504" started-at="2019-03-06T13:41:36Z" finished-at="2019-03-06T13:45:34Z">
    <groups>
    </groups>
    <test name="customer Account" duration-ms="67746" started-at="2019-03-06T13:41:36Z" finished-at="2019-03-06T13:42:43Z">
      <class name="com.ktpl.myAccount.Accountdashboard">
        <test-method status="PASS" signature="CMScheckTestCaseExecution()[pri:0, instance:com.ktpl.myAccount.Accountdashboard@77f99a05]" name="CMScheckTestCaseExecution" is-config="true" duration-ms="16" started-at="2019-03-06T13:41:36Z" finished-at="2019-03-06T13:41:36Z">
          <reporter-output>
          </reporter-output>
        </test-method> <!-- CMScheckTestCaseExecution -->
        <test-method status="PASS" signature="LFcheckTestCaseExecution()[pri:0, instance:com.ktpl.myAccount.Loginlogoutverification@a38d7a3]" name="LFcheckTestCaseExecution" is-config="true" duration-ms="0" started-at="2019-03-06T13:41:36Z" finished-at="2019-03-06T13:41:36Z">
          <reporter-output>
          </reporter-output>
        </test-method> <!-- LFcheckTestCaseExecution -->
        <test-method status="PASS" signature="myaccount()[pri:0, instance:com.ktpl.myAccount.Accountdashboard@77f99a05]" name="myaccount" duration-ms="45411" started-at="2019-03-06T13:41:58Z" finished-at="2019-03-06T13:42:43Z">
          <reporter-output>
          </reporter-output>
        </test-method> <!-- myaccount -->
      </class> <!-- com.ktpl.myAccount.Accountdashboard -->
      <class name="com.ktpl.myAccount.Loginlogoutverification">
        <test-method status="PASS" signature="logintest()[pri:0, instance:com.ktpl.myAccount.Loginlogoutverification@a38d7a3]" name="logintest" duration-ms="22297" started-at="2019-03-06T13:41:36Z" finished-at="2019-03-06T13:41:58Z">
          <reporter-output>
          </reporter-output>
        </test-method> <!-- logintest -->
      </class> <!-- com.ktpl.myAccount.Loginlogoutverification -->
    </test> <!-- customer Account -->
    <test name="Main categories" duration-ms="15046" started-at="2019-03-06T13:42:43Z" finished-at="2019-03-06T13:42:59Z">
      <class name="com.ktpl.mainNavigationmenu.Maincategories">
        <test-method status="PASS" signature="MCcheckTestCaseExecution()[pri:0, instance:com.ktpl.mainNavigationmenu.Maincategories@74a10858]" name="MCcheckTestCaseExecution" is-config="true" duration-ms="3" started-at="2019-03-06T13:42:43Z" finished-at="2019-03-06T13:42:43Z">
          <reporter-output>
          </reporter-output>
        </test-method> <!-- MCcheckTestCaseExecution -->
        <test-method status="PASS" signature="Categories()[pri:0, instance:com.ktpl.mainNavigationmenu.Maincategories@74a10858]" name="Categories" duration-ms="15040" started-at="2019-03-06T13:42:43Z" finished-at="2019-03-06T13:42:58Z">
          <reporter-output>
          </reporter-output>
        </test-method> <!-- Categories -->
      </class> <!-- com.ktpl.mainNavigationmenu.Maincategories -->
    </test> <!-- Main categories -->
    <test name="Sub categories" duration-ms="42232" started-at="2019-03-06T13:42:59Z" finished-at="2019-03-06T13:43:41Z">
      <class name="com.ktpl.mainNavigationmenu.Subcategories">
        <test-method status="PASS" signature="SCcheckTestCaseExecution()[pri:0, instance:com.ktpl.mainNavigationmenu.Subcategories@51c8530f]" name="SCcheckTestCaseExecution" is-config="true" duration-ms="1" started-at="2019-03-06T13:42:59Z" finished-at="2019-03-06T13:42:59Z">
          <reporter-output>
          </reporter-output>
        </test-method> <!-- SCcheckTestCaseExecution -->
        <test-method status="PASS" signature="subcategories()[pri:0, instance:com.ktpl.mainNavigationmenu.Subcategories@51c8530f]" name="subcategories" duration-ms="42229" started-at="2019-03-06T13:42:59Z" finished-at="2019-03-06T13:43:41Z">
          <reporter-output>
          </reporter-output>
        </test-method> <!-- subcategories -->
      </class> <!-- com.ktpl.mainNavigationmenu.Subcategories -->
    </test> <!-- Sub categories -->
    <test name="Cms links" duration-ms="43328" started-at="2019-03-06T13:43:41Z" finished-at="2019-03-06T13:44:24Z">
      <class name="com.ktpl.footerSection.CMSlinks">
        <test-method status="PASS" signature="CMScheckTestCaseExecution()[pri:0, instance:com.ktpl.footerSection.CMSlinks@17d0685f]" name="CMScheckTestCaseExecution" is-config="true" duration-ms="3" started-at="2019-03-06T13:43:41Z" finished-at="2019-03-06T13:43:41Z">
          <reporter-output>
          </reporter-output>
        </test-method> <!-- CMScheckTestCaseExecution -->
        <test-method status="PASS" signature="CMS()[pri:0, instance:com.ktpl.footerSection.CMSlinks@17d0685f]" name="CMS" duration-ms="43321" started-at="2019-03-06T13:43:41Z" finished-at="2019-03-06T13:44:24Z">
          <reporter-output>
          </reporter-output>
        </test-method> <!-- CMS -->
      </class> <!-- com.ktpl.footerSection.CMSlinks -->
    </test> <!-- Cms links -->
    <test name="Header section" duration-ms="37195" started-at="2019-03-06T13:44:24Z" finished-at="2019-03-06T13:45:01Z">
      <class name="com.ktpl.headerSection.Floatingcart_panel">
        <test-method status="FAIL" signature="floatingcart()[pri:0, instance:com.ktpl.headerSection.Floatingcart_panel@18bf3d14]" name="floatingcart" duration-ms="37189" started-at="2019-03-06T13:44:24Z" finished-at="2019-03-06T13:45:01Z">
          <exception class="org.openqa.selenium.ElementNotVisibleException">
            <message>
              <![CDATA[element not visible
  (Session info: chrome=72.0.3626.119)
  (Driver info: chromedriver=2.38.552522 (437e6fbedfa8762dec75e2c5b3ddb86763dc9dcb),platform=Windows NT 10.0.15063 x86_64) (WARNING: The server did not provide any stacktrace information)
Command duration or timeout: 219 milliseconds
Build info: version: 'unknown', revision: '1969d75', time: '2016-10-18 09:43:45 -0700'
System info: host: 'RamMohan-PC', ip: '10.16.16.203', os.name: 'Windows 10', os.arch: 'amd64', os.version: '10.0', java.version: '1.8.0_181'
Driver info: org.openqa.selenium.chrome.ChromeDriver
Capabilities [{applicationCacheEnabled=false, rotatable=false, mobileEmulationEnabled=false, networkConnectionEnabled=false, chrome={chromedriverVersion=2.38.552522 (437e6fbedfa8762dec75e2c5b3ddb86763dc9dcb), userDataDir=C:\Users\Rohan\AppData\Local\Temp\scoped_dir9044_23378}, takesHeapSnapshot=true, pageLoadStrategy=normal, databaseEnabled=false, handlesAlerts=true, hasTouchScreen=false, version=72.0.3626.119, platform=XP, browserConnectionEnabled=false, nativeEvents=true, acceptSslCerts=false, acceptInsecureCerts=false, locationContextEnabled=true, webStorageEnabled=true, browserName=chrome, takesScreenshot=true, javascriptEnabled=true, cssSelectorsEnabled=true, setWindowRect=true, unexpectedAlertBehaviour=}]
Session ID: 114217879fa51fcc6b409fdcdf5e3fa7]]>
            </message>
            <full-stacktrace>
              <![CDATA[org.openqa.selenium.ElementNotVisibleException: element not visible
  (Session info: chrome=72.0.3626.119)
  (Driver info: chromedriver=2.38.552522 (437e6fbedfa8762dec75e2c5b3ddb86763dc9dcb),platform=Windows NT 10.0.15063 x86_64) (WARNING: The server did not provide any stacktrace information)
Command duration or timeout: 219 milliseconds
Build info: version: 'unknown', revision: '1969d75', time: '2016-10-18 09:43:45 -0700'
System info: host: 'RamMohan-PC', ip: '10.16.16.203', os.name: 'Windows 10', os.arch: 'amd64', os.version: '10.0', java.version: '1.8.0_181'
Driver info: org.openqa.selenium.chrome.ChromeDriver
Capabilities [{applicationCacheEnabled=false, rotatable=false, mobileEmulationEnabled=false, networkConnectionEnabled=false, chrome={chromedriverVersion=2.38.552522 (437e6fbedfa8762dec75e2c5b3ddb86763dc9dcb), userDataDir=C:\Users\Rohan\AppData\Local\Temp\scoped_dir9044_23378}, takesHeapSnapshot=true, pageLoadStrategy=normal, databaseEnabled=false, handlesAlerts=true, hasTouchScreen=false, version=72.0.3626.119, platform=XP, browserConnectionEnabled=false, nativeEvents=true, acceptSslCerts=false, acceptInsecureCerts=false, locationContextEnabled=true, webStorageEnabled=true, browserName=chrome, takesScreenshot=true, javascriptEnabled=true, cssSelectorsEnabled=true, setWindowRect=true, unexpectedAlertBehaviour=}]
Session ID: 114217879fa51fcc6b409fdcdf5e3fa7
at sun.reflect.NativeConstructorAccessorImpl.newInstance0(Native Method)
at sun.reflect.NativeConstructorAccessorImpl.newInstance(Unknown Source)
at sun.reflect.DelegatingConstructorAccessorImpl.newInstance(Unknown Source)
at java.lang.reflect.Constructor.newInstance(Unknown Source)
at org.openqa.selenium.remote.ErrorHandler.createThrowable(ErrorHandler.java:216)
at org.openqa.selenium.remote.ErrorHandler.throwIfResponseFailed(ErrorHandler.java:168)
at org.openqa.selenium.remote.RemoteWebDriver.execute(RemoteWebDriver.java:635)
at org.openqa.selenium.remote.RemoteWebElement.execute(RemoteWebElement.java:274)
at org.openqa.selenium.remote.RemoteWebElement.click(RemoteWebElement.java:84)
at com.ktpl.headerSection.Floatingcart_panel.floatingcart(Floatingcart_panel.java:111)
at sun.reflect.NativeMethodAccessorImpl.invoke0(Native Method)
at sun.reflect.NativeMethodAccessorImpl.invoke(Unknown Source)
at sun.reflect.DelegatingMethodAccessorImpl.invoke(Unknown Source)
at java.lang.reflect.Method.invoke(Unknown Source)
at org.testng.internal.MethodInvocationHelper.invokeMethod(MethodInvocationHelper.java:124)
at org.testng.internal.Invoker.invokeMethod(Invoker.java:580)
at org.testng.internal.Invoker.invokeTestMethod(Invoker.java:716)
at org.testng.internal.Invoker.invokeTestMethods(Invoker.java:988)
at org.testng.internal.TestMethodWorker.invokeTestMethods(TestMethodWorker.java:125)
at org.testng.internal.TestMethodWorker.run(TestMethodWorker.java:109)
at org.testng.TestRunner.privateRun(TestRunner.java:648)
at org.testng.TestRunner.run(TestRunner.java:505)
at org.testng.SuiteRunner.runTest(SuiteRunner.java:455)
at org.testng.SuiteRunner.access$000(SuiteRunner.java:40)
at org.testng.SuiteRunner$SuiteWorker.run(SuiteRunner.java:489)
at org.testng.internal.thread.ThreadUtil$1.call(ThreadUtil.java:52)
at java.util.concurrent.FutureTask.run(Unknown Source)
at java.util.concurrent.ThreadPoolExecutor.runWorker(Unknown Source)
at java.util.concurrent.ThreadPoolExecutor$Worker.run(Unknown Source)
at java.lang.Thread.run(Unknown Source)
]]>
            </full-stacktrace>
          </exception> <!-- org.openqa.selenium.ElementNotVisibleException -->
          <reporter-output>
          </reporter-output>
        </test-method> <!-- floatingcart -->
        <test-method status="PASS" signature="FCcheckTestCaseExecution()[pri:0, instance:com.ktpl.headerSection.Floatingcart_panel@18bf3d14]" name="FCcheckTestCaseExecution" is-config="true" duration-ms="0" started-at="2019-03-06T13:44:24Z" finished-at="2019-03-06T13:44:24Z">
          <reporter-output>
          </reporter-output>
        </test-method> <!-- FCcheckTestCaseExecution -->
      </class> <!-- com.ktpl.headerSection.Floatingcart_panel -->
    </test> <!-- Header section -->
    <test name="Productlsiting" duration-ms="32387" started-at="2019-03-06T13:45:01Z" finished-at="2019-03-06T13:45:34Z">
      <class name="com.ktpl.productlistingpage.ProductspriceSortingverification">
        <test-method status="PASS" signature="lowToHigh()[pri:0, instance:com.ktpl.productlistingpage.ProductspriceSortingverification@150c158]" name="lowToHigh" duration-ms="7892" started-at="2019-03-06T13:45:01Z" finished-at="2019-03-06T13:45:09Z">
          <reporter-output>
          </reporter-output>
        </test-method> <!-- lowToHigh -->
      </class> <!-- com.ktpl.productlistingpage.ProductspriceSortingverification -->
      <class name="com.ktpl.productlistingpage.Productlisitngcountverification">
        <test-method status="PASS" signature="productcount()[pri:0, instance:com.ktpl.productlistingpage.Productlisitngcountverification@4524411f]" name="productcount" duration-ms="24493" started-at="2019-03-06T13:45:09Z" finished-at="2019-03-06T13:45:34Z">
          <reporter-output>
          </reporter-output>
        </test-method> <!-- productcount -->
      </class> <!-- com.ktpl.productlistingpage.Productlisitngcountverification -->
    </test> <!-- Productlsiting -->
    <test name="checkoutsection" duration-ms="401" started-at="2019-03-06T13:45:34Z" finished-at="2019-03-06T13:45:34Z">
      <class name="com.ktpl.checkoutSection.LoggedinCustomerorder">
        <test-method status="FAIL" signature="GuestEndtoEndScenario()[pri:0, instance:com.ktpl.checkoutSection.LoggedinCustomerorder@67b467e9]" name="GuestEndtoEndScenario" duration-ms="31" started-at="2019-03-06T13:45:34Z" finished-at="2019-03-06T13:45:34Z">
          <exception class="org.openqa.selenium.NoSuchSessionException">
            <message>
              <![CDATA[no such session
  (Driver info: chromedriver=2.38.552522 (437e6fbedfa8762dec75e2c5b3ddb86763dc9dcb),platform=Windows NT 10.0.15063 x86_64) (WARNING: The server did not provide any stacktrace information)
Command duration or timeout: 16 milliseconds
Build info: version: 'unknown', revision: '1969d75', time: '2016-10-18 09:43:45 -0700'
System info: host: 'RamMohan-PC', ip: '10.16.16.203', os.name: 'Windows 10', os.arch: 'amd64', os.version: '10.0', java.version: '1.8.0_181'
Driver info: org.openqa.selenium.chrome.ChromeDriver
Capabilities [{applicationCacheEnabled=false, rotatable=false, mobileEmulationEnabled=false, networkConnectionEnabled=false, chrome={chromedriverVersion=2.38.552522 (437e6fbedfa8762dec75e2c5b3ddb86763dc9dcb), userDataDir=C:\Users\Rohan\AppData\Local\Temp\scoped_dir9044_23378}, takesHeapSnapshot=true, pageLoadStrategy=normal, databaseEnabled=false, handlesAlerts=true, hasTouchScreen=false, version=72.0.3626.119, platform=XP, browserConnectionEnabled=false, nativeEvents=true, acceptSslCerts=false, acceptInsecureCerts=false, locationContextEnabled=true, webStorageEnabled=true, browserName=chrome, takesScreenshot=true, javascriptEnabled=true, cssSelectorsEnabled=true, setWindowRect=true, unexpectedAlertBehaviour=}]
Session ID: 114217879fa51fcc6b409fdcdf5e3fa7]]>
            </message>
            <full-stacktrace>
              <![CDATA[org.openqa.selenium.NoSuchSessionException: no such session
  (Driver info: chromedriver=2.38.552522 (437e6fbedfa8762dec75e2c5b3ddb86763dc9dcb),platform=Windows NT 10.0.15063 x86_64) (WARNING: The server did not provide any stacktrace information)
Command duration or timeout: 16 milliseconds
Build info: version: 'unknown', revision: '1969d75', time: '2016-10-18 09:43:45 -0700'
System info: host: 'RamMohan-PC', ip: '10.16.16.203', os.name: 'Windows 10', os.arch: 'amd64', os.version: '10.0', java.version: '1.8.0_181'
Driver info: org.openqa.selenium.chrome.ChromeDriver
Capabilities [{applicationCacheEnabled=false, rotatable=false, mobileEmulationEnabled=false, networkConnectionEnabled=false, chrome={chromedriverVersion=2.38.552522 (437e6fbedfa8762dec75e2c5b3ddb86763dc9dcb), userDataDir=C:\Users\Rohan\AppData\Local\Temp\scoped_dir9044_23378}, takesHeapSnapshot=true, pageLoadStrategy=normal, databaseEnabled=false, handlesAlerts=true, hasTouchScreen=false, version=72.0.3626.119, platform=XP, browserConnectionEnabled=false, nativeEvents=true, acceptSslCerts=false, acceptInsecureCerts=false, locationContextEnabled=true, webStorageEnabled=true, browserName=chrome, takesScreenshot=true, javascriptEnabled=true, cssSelectorsEnabled=true, setWindowRect=true, unexpectedAlertBehaviour=}]
Session ID: 114217879fa51fcc6b409fdcdf5e3fa7
at sun.reflect.NativeConstructorAccessorImpl.newInstance0(Native Method)
at sun.reflect.NativeConstructorAccessorImpl.newInstance(Unknown Source)
at sun.reflect.DelegatingConstructorAccessorImpl.newInstance(Unknown Source)
at java.lang.reflect.Constructor.newInstance(Unknown Source)
at org.openqa.selenium.remote.ErrorHandler.createThrowable(ErrorHandler.java:216)
at org.openqa.selenium.remote.ErrorHandler.throwIfResponseFailed(ErrorHandler.java:168)
at org.openqa.selenium.remote.RemoteWebDriver.execute(RemoteWebDriver.java:635)
at org.openqa.selenium.remote.RemoteWebDriver.get(RemoteWebDriver.java:322)
at com.ktpl.checkoutSection.LoggedinCustomerorder.GuestEndtoEndScenario(LoggedinCustomerorder.java:35)
at sun.reflect.NativeMethodAccessorImpl.invoke0(Native Method)
at sun.reflect.NativeMethodAccessorImpl.invoke(Unknown Source)
at sun.reflect.DelegatingMethodAccessorImpl.invoke(Unknown Source)
at java.lang.reflect.Method.invoke(Unknown Source)
at org.testng.internal.MethodInvocationHelper.invokeMethod(MethodInvocationHelper.java:124)
at org.testng.internal.Invoker.invokeMethod(Invoker.java:580)
at org.testng.internal.Invoker.invokeTestMethod(Invoker.java:716)
at org.testng.internal.Invoker.invokeTestMethods(Invoker.java:988)
at org.testng.internal.TestMethodWorker.invokeTestMethods(TestMethodWorker.java:125)
at org.testng.internal.TestMethodWorker.run(TestMethodWorker.java:109)
at org.testng.TestRunner.privateRun(TestRunner.java:648)
at org.testng.TestRunner.run(TestRunner.java:505)
at org.testng.SuiteRunner.runTest(SuiteRunner.java:455)
at org.testng.SuiteRunner.access$000(SuiteRunner.java:40)
at org.testng.SuiteRunner$SuiteWorker.run(SuiteRunner.java:489)
at org.testng.internal.thread.ThreadUtil$1.call(ThreadUtil.java:52)
at java.util.concurrent.FutureTask.run(Unknown Source)
at java.util.concurrent.ThreadPoolExecutor.runWorker(Unknown Source)
at java.util.concurrent.ThreadPoolExecutor$Worker.run(Unknown Source)
at java.lang.Thread.run(Unknown Source)
]]>
            </full-stacktrace>
          </exception> <!-- org.openqa.selenium.NoSuchSessionException -->
          <reporter-output>
          </reporter-output>
        </test-method> <!-- GuestEndtoEndScenario -->
      </class> <!-- com.ktpl.checkoutSection.LoggedinCustomerorder -->
      <class name="com.ktpl.checkoutSection.Guestorder">
        <test-method status="FAIL" signature="GuestEndtoEndScenario()[pri:0, instance:com.ktpl.checkoutSection.Guestorder@10a035a0]" name="GuestEndtoEndScenario" duration-ms="370" started-at="2019-03-06T13:45:34Z" finished-at="2019-03-06T13:45:34Z">
          <exception class="org.openqa.selenium.NoSuchSessionException">
            <message>
              <![CDATA[no such session
  (Driver info: chromedriver=2.38.552522 (437e6fbedfa8762dec75e2c5b3ddb86763dc9dcb),platform=Windows NT 10.0.15063 x86_64) (WARNING: The server did not provide any stacktrace information)
Command duration or timeout: 370 milliseconds
Build info: version: 'unknown', revision: '1969d75', time: '2016-10-18 09:43:45 -0700'
System info: host: 'RamMohan-PC', ip: '10.16.16.203', os.name: 'Windows 10', os.arch: 'amd64', os.version: '10.0', java.version: '1.8.0_181'
Driver info: org.openqa.selenium.chrome.ChromeDriver
Capabilities [{applicationCacheEnabled=false, rotatable=false, mobileEmulationEnabled=false, networkConnectionEnabled=false, chrome={chromedriverVersion=2.38.552522 (437e6fbedfa8762dec75e2c5b3ddb86763dc9dcb), userDataDir=C:\Users\Rohan\AppData\Local\Temp\scoped_dir9044_23378}, takesHeapSnapshot=true, pageLoadStrategy=normal, databaseEnabled=false, handlesAlerts=true, hasTouchScreen=false, version=72.0.3626.119, platform=XP, browserConnectionEnabled=false, nativeEvents=true, acceptSslCerts=false, acceptInsecureCerts=false, locationContextEnabled=true, webStorageEnabled=true, browserName=chrome, takesScreenshot=true, javascriptEnabled=true, cssSelectorsEnabled=true, setWindowRect=true, unexpectedAlertBehaviour=}]
Session ID: 114217879fa51fcc6b409fdcdf5e3fa7]]>
            </message>
            <full-stacktrace>
              <![CDATA[org.openqa.selenium.NoSuchSessionException: no such session
  (Driver info: chromedriver=2.38.552522 (437e6fbedfa8762dec75e2c5b3ddb86763dc9dcb),platform=Windows NT 10.0.15063 x86_64) (WARNING: The server did not provide any stacktrace information)
Command duration or timeout: 370 milliseconds
Build info: version: 'unknown', revision: '1969d75', time: '2016-10-18 09:43:45 -0700'
System info: host: 'RamMohan-PC', ip: '10.16.16.203', os.name: 'Windows 10', os.arch: 'amd64', os.version: '10.0', java.version: '1.8.0_181'
Driver info: org.openqa.selenium.chrome.ChromeDriver
Capabilities [{applicationCacheEnabled=false, rotatable=false, mobileEmulationEnabled=false, networkConnectionEnabled=false, chrome={chromedriverVersion=2.38.552522 (437e6fbedfa8762dec75e2c5b3ddb86763dc9dcb), userDataDir=C:\Users\Rohan\AppData\Local\Temp\scoped_dir9044_23378}, takesHeapSnapshot=true, pageLoadStrategy=normal, databaseEnabled=false, handlesAlerts=true, hasTouchScreen=false, version=72.0.3626.119, platform=XP, browserConnectionEnabled=false, nativeEvents=true, acceptSslCerts=false, acceptInsecureCerts=false, locationContextEnabled=true, webStorageEnabled=true, browserName=chrome, takesScreenshot=true, javascriptEnabled=true, cssSelectorsEnabled=true, setWindowRect=true, unexpectedAlertBehaviour=}]
Session ID: 114217879fa51fcc6b409fdcdf5e3fa7
at sun.reflect.NativeConstructorAccessorImpl.newInstance0(Native Method)
at sun.reflect.NativeConstructorAccessorImpl.newInstance(Unknown Source)
at sun.reflect.DelegatingConstructorAccessorImpl.newInstance(Unknown Source)
at java.lang.reflect.Constructor.newInstance(Unknown Source)
at org.openqa.selenium.remote.ErrorHandler.createThrowable(ErrorHandler.java:216)
at org.openqa.selenium.remote.ErrorHandler.throwIfResponseFailed(ErrorHandler.java:168)
at org.openqa.selenium.remote.RemoteWebDriver.execute(RemoteWebDriver.java:635)
at org.openqa.selenium.remote.RemoteWebDriver.get(RemoteWebDriver.java:322)
at com.ktpl.checkoutSection.Guestorder.GuestEndtoEndScenario(Guestorder.java:34)
at sun.reflect.NativeMethodAccessorImpl.invoke0(Native Method)
at sun.reflect.NativeMethodAccessorImpl.invoke(Unknown Source)
at sun.reflect.DelegatingMethodAccessorImpl.invoke(Unknown Source)
at java.lang.reflect.Method.invoke(Unknown Source)
at org.testng.internal.MethodInvocationHelper.invokeMethod(MethodInvocationHelper.java:124)
at org.testng.internal.Invoker.invokeMethod(Invoker.java:580)
at org.testng.internal.Invoker.invokeTestMethod(Invoker.java:716)
at org.testng.internal.Invoker.invokeTestMethods(Invoker.java:988)
at org.testng.internal.TestMethodWorker.invokeTestMethods(TestMethodWorker.java:125)
at org.testng.internal.TestMethodWorker.run(TestMethodWorker.java:109)
at org.testng.TestRunner.privateRun(TestRunner.java:648)
at org.testng.TestRunner.run(TestRunner.java:505)
at org.testng.SuiteRunner.runTest(SuiteRunner.java:455)
at org.testng.SuiteRunner.access$000(SuiteRunner.java:40)
at org.testng.SuiteRunner$SuiteWorker.run(SuiteRunner.java:489)
at org.testng.internal.thread.ThreadUtil$1.call(ThreadUtil.java:52)
at java.util.concurrent.FutureTask.run(Unknown Source)
at java.util.concurrent.ThreadPoolExecutor.runWorker(Unknown Source)
at java.util.concurrent.ThreadPoolExecutor$Worker.run(Unknown Source)
at java.lang.Thread.run(Unknown Source)
]]>
            </full-stacktrace>
          </exception> <!-- org.openqa.selenium.NoSuchSessionException -->
          <reporter-output>
          </reporter-output>
        </test-method> <!-- GuestEndtoEndScenario -->
        <test-method status="PASS" signature="checkTestCaseExecution()[pri:0, instance:com.ktpl.checkoutSection.Guestorder@10a035a0]" name="checkTestCaseExecution" is-config="true" duration-ms="0" started-at="2019-03-06T13:45:34Z" finished-at="2019-03-06T13:45:34Z">
          <reporter-output>
          </reporter-output>
        </test-method> <!-- checkTestCaseExecution -->
        <test-method status="PASS" signature="checkTestCaseExecution()[pri:0, instance:com.ktpl.checkoutSection.LoggedinCustomerorder@67b467e9]" name="checkTestCaseExecution" is-config="true" duration-ms="0" started-at="2019-03-06T13:45:34Z" finished-at="2019-03-06T13:45:34Z">
          <reporter-output>
          </reporter-output>
        </test-method> <!-- checkTestCaseExecution -->
      </class> <!-- com.ktpl.checkoutSection.Guestorder -->
      <class name="com.ktpl.myAccount.Loginlogoutverification">
        <test-method status="PASS" signature="MAcheckTestSuiteExecution()[pri:0, instance:com.ktpl.myAccount.Loginlogoutverification@a38d7a3]" name="MAcheckTestSuiteExecution" is-config="true" duration-ms="7300" started-at="2019-03-06T13:41:28Z" finished-at="2019-03-06T13:41:36Z">
          <reporter-output>
          </reporter-output>
        </test-method> <!-- MAcheckTestSuiteExecution -->
        <test-method status="PASS" signature="checkTestSuiteExecution()[pri:0, instance:com.ktpl.mainNavigationmenu.Subcategories@51c8530f]" name="checkTestSuiteExecution" is-config="true" duration-ms="0" started-at="2019-03-06T13:41:36Z" finished-at="2019-03-06T13:41:36Z">
          <reporter-output>
          </reporter-output>
        </test-method> <!-- checkTestSuiteExecution -->
        <test-method status="PASS" signature="checkTestSuiteExecution()[pri:0, instance:com.ktpl.footerSection.CMSlinks@17d0685f]" name="checkTestSuiteExecution" is-config="true" duration-ms="15" started-at="2019-03-06T13:41:36Z" finished-at="2019-03-06T13:41:36Z">
          <reporter-output>
          </reporter-output>
        </test-method> <!-- checkTestSuiteExecution -->
        <test-method status="PASS" signature="checkTestSuiteExecution()[pri:0, instance:com.ktpl.headerSection.Floatingcart_panel@18bf3d14]" name="checkTestSuiteExecution" is-config="true" duration-ms="0" started-at="2019-03-06T13:41:36Z" finished-at="2019-03-06T13:41:36Z">
          <reporter-output>
          </reporter-output>
        </test-method> <!-- checkTestSuiteExecution -->
        <test-method status="PASS" signature="checkTestSuiteExecution()[pri:0, instance:com.ktpl.checkoutSection.Guestorder@10a035a0]" name="checkTestSuiteExecution" is-config="true" duration-ms="0" started-at="2019-03-06T13:41:36Z" finished-at="2019-03-06T13:41:36Z">
          <reporter-output>
          </reporter-output>
        </test-method> <!-- checkTestSuiteExecution -->
        <test-method status="PASS" signature="checkTestSuiteExecution()[pri:0, instance:com.ktpl.productlistingpage.ProductspriceSortingverification@150c158]" name="checkTestSuiteExecution" is-config="true" duration-ms="0" started-at="2019-03-06T13:41:36Z" finished-at="2019-03-06T13:41:36Z">
          <reporter-output>
          </reporter-output>
        </test-method> <!-- checkTestSuiteExecution -->
      </class> <!-- com.ktpl.myAccount.Loginlogoutverification -->
    </test> <!-- checkoutsection -->
  </suite> <!-- Magento2Demo -->
</testng-results>
